2024-03-13 23:49:39,921 [INFO] Activator:176 - 


2024-03-13 23:49:39,922 [INFO] Activator:177 - !SESSION log4j initialized
2024-03-13 23:49:42,458 [INFO] LogOutputStream:77 - [STDOUT_REDIRECT] 
2024-03-13 23:49:49,906 [INFO] ApplicationProperties:184 - Using Application install path: C:\ST\STM32CubeIDE_1.13.0\STM32CubeIDE\plugins\com.st.stm32cube.common.mx_6.9.0.202307051724
2024-03-13 23:49:49,922 [INFO] DbMcusXml:78 - Set database path to: C:\ST\STM32CubeIDE_1.13.0\STM32CubeIDE\plugins\com.st.stm32cube.common.mx_6.9.0.202307051724\\db\/mcu/
2024-03-13 23:49:49,923 [INFO] ApiDb:274 - Set plugin database path to: C:\ST\STM32CubeIDE_1.13.0\STM32CubeIDE\plugins\com.st.stm32cube.common.mx_6.9.0.202307051724\\db\/plugins/boardmanager/
2024-03-13 23:49:49,923 [WARN] ApiDb:259 - Overriding images path with different value:  => C:\ST\STM32CubeIDE_1.13.0\STM32CubeIDE\plugins\com.st.stm32cube.common.mx_6.9.0.202307051724\\db\/plugins/mcufinder/images/
2024-03-13 23:49:49,936 [INFO] ApiDb:250 - Set database path to: C:\Users\vieth\.stmcufinder\plugins\mcufinder//mcu/
2024-03-13 23:49:49,937 [INFO] DbMcusAds:125 - Set database path to: C:\Users\vieth\.stmcufinder\plugins\mcufinder//mcu/
2024-03-13 23:49:50,543 [INFO] CrossReferenceDbSqlite:203 - Set database path to: C:\Users\vieth\.stmcufinder\plugins\mcufinder//mcu/cs/
2024-03-13 23:49:50,648 [INFO] RulesReader:64 - Compatibility file has been processed (293 Rules)
2024-03-13 23:49:50,722 [INFO] DbMcusXml:78 - Set database path to: C:\ST\STM32CubeIDE_1.13.0\STM32CubeIDE\plugins\com.st.stm32cube.common.mx_6.9.0.202307051724\\db\/mcu/
2024-03-13 23:49:50,722 [INFO] ApiDb:274 - Set plugin database path to: C:\ST\STM32CubeIDE_1.13.0\STM32CubeIDE\plugins\com.st.stm32cube.common.mx_6.9.0.202307051724\\db\/plugins/boardmanager/
2024-03-13 23:49:50,722 [INFO] ApiDb:261 - Set plugin images path to: C:\ST\STM32CubeIDE_1.13.0\STM32CubeIDE\plugins\com.st.stm32cube.common.mx_6.9.0.202307051724\\db\/plugins/mcufinder/images/
2024-03-13 23:49:50,723 [WARN] DbFile:41 - Overriding database path with different value: C:\Users\vieth\.stmcufinder\plugins\mcufinder/ => C:\Users\vieth\.stmcufinder\plugins\mcufinder
2024-03-13 23:49:50,723 [INFO] ApiDb:250 - Set database path to: C:\Users\vieth\.stmcufinder\plugins\mcufinder//mcu/
2024-03-13 23:49:50,723 [WARN] DbFile:41 - Overriding database path with different value: C:\Users\vieth\.stmcufinder\plugins\mcufinder/ => C:\Users\vieth\.stmcufinder\plugins\mcufinder
2024-03-13 23:49:50,723 [INFO] DbMcusAds:125 - Set database path to: C:\Users\vieth\.stmcufinder\plugins\mcufinder//mcu/
2024-03-13 23:49:50,723 [WARN] DbFile:41 - Overriding database path with different value: C:\Users\vieth\.stmcufinder\plugins\mcufinder/ => C:\Users\vieth\.stmcufinder\plugins\mcufinder
2024-03-13 23:49:50,723 [WARN] DbFile:41 - Overriding database path with different value: C:\Users\vieth\.stmcufinder\plugins\mcufinder/ => C:\Users\vieth\.stmcufinder\plugins\mcufinder
2024-03-13 23:49:51,544 [INFO] CrossReferenceDbSqlite:203 - Set database path to: C:\Users\vieth\.stmcufinder\plugins\mcufinder//mcu/cs/
2024-03-13 23:49:51,612 [INFO] MainPanel:262 - HeapMemory: 268435456
2024-03-13 23:49:51,695 [INFO] DbMcusXml:78 - Set database path to: C:\ST\STM32CubeIDE_1.13.0\STM32CubeIDE\plugins\com.st.stm32cube.common.mx_6.9.0.202307051724\\db\/mcu/
2024-03-13 23:49:51,695 [INFO] ApiDb:274 - Set plugin database path to: C:\ST\STM32CubeIDE_1.13.0\STM32CubeIDE\plugins\com.st.stm32cube.common.mx_6.9.0.202307051724\\db\/plugins/boardmanager/
2024-03-13 23:49:51,695 [INFO] ApiDb:261 - Set plugin images path to: C:\ST\STM32CubeIDE_1.13.0\STM32CubeIDE\plugins\com.st.stm32cube.common.mx_6.9.0.202307051724\\db\/plugins/mcufinder/images/
2024-03-13 23:49:51,695 [WARN] DbFile:41 - Overriding database path with different value: C:\Users\vieth\.stmcufinder\plugins\mcufinder/ => C:\Users\vieth\.stmcufinder\plugins\mcufinder
2024-03-13 23:49:51,696 [INFO] ApiDb:250 - Set database path to: C:\Users\vieth\.stmcufinder\plugins\mcufinder//mcu/
2024-03-13 23:49:51,696 [WARN] DbFile:41 - Overriding database path with different value: C:\Users\vieth\.stmcufinder\plugins\mcufinder/ => C:\Users\vieth\.stmcufinder\plugins\mcufinder
2024-03-13 23:49:51,696 [INFO] DbMcusAds:125 - Set database path to: C:\Users\vieth\.stmcufinder\plugins\mcufinder//mcu/
2024-03-13 23:49:51,696 [WARN] DbFile:41 - Overriding database path with different value: C:\Users\vieth\.stmcufinder\plugins\mcufinder/ => C:\Users\vieth\.stmcufinder\plugins\mcufinder
2024-03-13 23:49:51,696 [WARN] DbFile:41 - Overriding database path with different value: C:\Users\vieth\.stmcufinder\plugins\mcufinder/ => C:\Users\vieth\.stmcufinder\plugins\mcufinder
2024-03-13 23:49:52,543 [INFO] CrossReferenceDbSqlite:203 - Set database path to: C:\Users\vieth\.stmcufinder\plugins\mcufinder//mcu/cs/
2024-03-13 23:49:52,561 [INFO] ApplicationProperties:184 - Using Application install path: C:\ST\STM32CubeIDE_1.13.0\STM32CubeIDE\plugins\com.st.stm32cube.common.mx_6.9.0.202307051724
2024-03-13 23:49:52,562 [INFO] PluginManage:196 - Search for loadable plugins [exclusion list=, ]
2024-03-13 23:49:52,563 [INFO] PluginManage:310 - Check plugin analytics
2024-03-13 23:49:58,244 [INFO] AnalyticsPlugin:253 - Accepted Software Licenses: 
2024-03-13 23:49:58,244 [INFO] AnalyticsPlugin:255 - Accepted CMSIS Pack Licenses: 
2024-03-13 23:49:58,244 [INFO] AnalyticsPlugin:257 - Accepted Firmware Licenses: FW.F4.1.27.0
2024-03-13 23:49:58,247 [INFO] PluginManage:359 - Loaded plugin analytics (category:tool,tabindex:-1)
2024-03-13 23:49:58,247 [INFO] PluginManage:310 - Check plugin cadmodel
2024-03-13 23:49:58,262 [INFO] CADModel:105 - Init CAD model plugin
2024-03-13 23:49:58,262 [INFO] PluginManage:359 - Loaded plugin cadmodel (category:power,tabindex:5)
2024-03-13 23:49:58,262 [INFO] PluginManage:310 - Check plugin clock
2024-03-13 23:49:58,282 [INFO] PluginManage:359 - Loaded plugin clock (category:base,tabindex:2)
2024-03-13 23:49:58,282 [INFO] PluginManage:310 - Check plugin ddr
2024-03-13 23:49:58,284 [INFO] PluginManage:359 - Loaded plugin ddr (category:tool,tabindex:6)
2024-03-13 23:49:58,285 [INFO] PluginManage:310 - Check plugin filemanager
2024-03-13 23:49:58,398 [INFO] PluginManage:359 - Loaded plugin filemanager (category:base,tabindex:10)
2024-03-13 23:49:58,398 [INFO] PluginManage:310 - Check plugin ipmanager
2024-03-13 23:49:58,405 [INFO] PluginManage:359 - Loaded plugin ipmanager (category:base,tabindex:5)
2024-03-13 23:49:58,405 [INFO] PluginManage:310 - Check plugin lpbam
2024-03-13 23:49:58,421 [INFO] PluginManage:359 - Loaded plugin lpbam (category:base,tabindex:0)
2024-03-13 23:49:58,421 [INFO] PluginManage:310 - Check plugin memorymap
2024-03-13 23:49:58,439 [INFO] PluginManage:359 - Loaded plugin memorymap (category:base,tabindex:4)
2024-03-13 23:49:58,439 [INFO] PluginManage:310 - Check plugin pinoutandconfiguration
2024-03-13 23:49:58,453 [INFO] PluginManage:359 - Loaded plugin pinoutandconfiguration (category:base,tabindex:1)
2024-03-13 23:49:58,453 [INFO] PluginManage:310 - Check plugin pinoutconfig
2024-03-13 23:49:58,560 [WARN] SupportedApi:132 - Cannot load RTOS API schema: s4s-elt-must-match.1: The content of 'definitions' must match (annotation?, (simpleType | complexType)?, (unique | key | keyref)*)). A problem was found starting at: attribute.
2024-03-13 23:49:58,685 [INFO] PluginManage:359 - Loaded plugin pinoutconfig (category:base,tabindex:0)
2024-03-13 23:49:58,685 [INFO] PluginManage:310 - Check plugin power
2024-03-13 23:49:58,701 [INFO] PluginManage:359 - Loaded plugin power (category:power,tabindex:4)
2024-03-13 23:49:58,701 [INFO] PluginManage:310 - Check plugin projectmanager
2024-03-13 23:49:58,711 [INFO] PluginManage:359 - Loaded plugin projectmanager (category:projectmanager,tabindex:3)
2024-03-13 23:49:58,712 [INFO] PluginManage:310 - Check plugin thirdparty
2024-03-13 23:49:58,939 [INFO] PluginManage:359 - Loaded plugin thirdparty (category:base,tabindex:-1)
2024-03-13 23:49:58,939 [INFO] PluginManage:310 - Check plugin tools
2024-03-13 23:49:58,939 [WARN] IntegrityCheckThread:84 - waiting for thirdparty lock release [integrity check]
2024-03-13 23:49:58,939 [INFO] IntegrityCheckThread:86 - entering critical section [integrity check]
2024-03-13 23:49:58,939 [INFO] ThirdPartyUpdaterWithRetryManager:70 - Updater plugin not ready yet. [1/15]
2024-03-13 23:49:58,968 [INFO] PluginManage:359 - Loaded plugin tools (category:base,tabindex:7)
2024-03-13 23:49:58,968 [INFO] PluginManage:310 - Check plugin tutovideos
2024-03-13 23:49:59,138 [INFO] PluginManage:359 - Loaded plugin tutovideos (category:base,tabindex:-1)
2024-03-13 23:49:59,138 [INFO] PluginManage:310 - Check plugin updater
2024-03-13 23:49:59,149 [INFO] PluginManage:359 - Loaded plugin updater (category:base,tabindex:12)
2024-03-13 23:49:59,149 [INFO] PluginManage:310 - Check plugin userauth
2024-03-13 23:49:59,155 [INFO] UserAuth:113 - Init User Auth plugin
2024-03-13 23:49:59,155 [INFO] PluginManage:359 - Loaded plugin userauth (category:base,tabindex:14)
2024-03-13 23:49:59,155 [INFO] PluginManage:283 - PluginManage : Loaded plugins [17]
2024-03-13 23:49:59,342 [INFO] PinOutPanel:1499 - setPackage(No Configuration,No Configuration)
2024-03-13 23:49:59,452 [INFO] CADModel:165 - CPN selected for project level
2024-03-13 23:49:59,452 [INFO] CADModel:114 - Register for checkConnection events
2024-03-13 23:49:59,481 [INFO] IPUIPlugin:80 - create IPUIPlugin
2024-03-13 23:49:59,481 [INFO] PluginManager:220 - loadIPPluginJar : add adc
2024-03-13 23:49:59,521 [INFO] IPUIPlugin:80 - create IPUIPlugin
2024-03-13 23:49:59,521 [INFO] PluginManager:220 - loadIPPluginJar : add aes
2024-03-13 23:49:59,569 [INFO] IPUIPlugin:80 - create IPUIPlugin
2024-03-13 23:49:59,569 [INFO] PluginManager:220 - loadIPPluginJar : add can
2024-03-13 23:49:59,594 [INFO] IPUIPlugin:80 - create IPUIPlugin
2024-03-13 23:49:59,595 [INFO] PluginManager:220 - loadIPPluginJar : add comp
2024-03-13 23:49:59,626 [INFO] IPUIPlugin:80 - create IPUIPlugin
2024-03-13 23:49:59,626 [INFO] PluginManager:220 - loadIPPluginJar : add cryp
2024-03-13 23:49:59,652 [INFO] IPUIPlugin:80 - create IPUIPlugin
2024-03-13 23:49:59,652 [INFO] PluginManager:220 - loadIPPluginJar : add dfsdm
2024-03-13 23:49:59,665 [INFO] IPUIPlugin:80 - create IPUIPlugin
2024-03-13 23:49:59,666 [INFO] PluginManager:220 - loadIPPluginJar : add dma
2024-03-13 23:49:59,703 [INFO] IPUIPlugin:80 - create IPUIPlugin
2024-03-13 23:49:59,704 [INFO] PluginManager:220 - loadIPPluginJar : add dma3
2024-03-13 23:49:59,722 [INFO] IPUIPlugin:80 - create IPUIPlugin
2024-03-13 23:49:59,722 [INFO] PluginManager:220 - loadIPPluginJar : add fatfs
2024-03-13 23:49:59,764 [INFO] IPUIPlugin:80 - create IPUIPlugin
2024-03-13 23:49:59,764 [INFO] PluginManager:220 - loadIPPluginJar : add fmc
2024-03-13 23:49:59,777 [INFO] IPUIPlugin:80 - create IPUIPlugin
2024-03-13 23:49:59,777 [INFO] PluginManager:220 - loadIPPluginJar : add freertos
2024-03-13 23:49:59,797 [INFO] IPUIPlugin:80 - create IPUIPlugin
2024-03-13 23:49:59,797 [INFO] PluginManager:220 - loadIPPluginJar : add genericplugin
2024-03-13 23:49:59,872 [INFO] IPUIPlugin:80 - create IPUIPlugin
2024-03-13 23:49:59,872 [INFO] PluginManager:220 - loadIPPluginJar : add gfxmmu
2024-03-13 23:49:59,983 [INFO] IPUIPlugin:80 - create IPUIPlugin
2024-03-13 23:49:59,983 [INFO] PluginManager:220 - loadIPPluginJar : add gic
2024-03-13 23:49:59,995 [INFO] IPUIPlugin:80 - create IPUIPlugin
2024-03-13 23:49:59,995 [INFO] PluginManager:220 - loadIPPluginJar : add gpio
2024-03-13 23:50:00,095 [INFO] IPUIPlugin:80 - create IPUIPlugin
2024-03-13 23:50:00,095 [INFO] PluginManager:220 - loadIPPluginJar : add gtzc
2024-03-13 23:50:00,127 [INFO] IPUIPlugin:80 - create IPUIPlugin
2024-03-13 23:50:00,127 [INFO] PluginManager:220 - loadIPPluginJar : add hash
2024-03-13 23:50:00,179 [INFO] IPUIPlugin:80 - create IPUIPlugin
2024-03-13 23:50:00,179 [INFO] PluginManager:220 - loadIPPluginJar : add i2c
2024-03-13 23:50:00,223 [INFO] IPUIPlugin:80 - create IPUIPlugin
2024-03-13 23:50:00,224 [INFO] PluginManager:220 - loadIPPluginJar : add i2s
2024-03-13 23:50:00,259 [INFO] IPUIPlugin:80 - create IPUIPlugin
2024-03-13 23:50:00,259 [INFO] PluginManager:220 - loadIPPluginJar : add i3c
2024-03-13 23:50:00,345 [INFO] IPUIPlugin:80 - create IPUIPlugin
2024-03-13 23:50:00,345 [INFO] PluginManager:220 - loadIPPluginJar : add ipddr
2024-03-13 23:50:00,425 [INFO] IPUIPlugin:80 - create IPUIPlugin
2024-03-13 23:50:00,425 [INFO] PluginManager:220 - loadIPPluginJar : add linkedlist
2024-03-13 23:50:00,454 [INFO] IPUIPlugin:80 - create IPUIPlugin
2024-03-13 23:50:00,455 [INFO] PluginManager:220 - loadIPPluginJar : add lorawan
2024-03-13 23:50:00,484 [INFO] IPUIPlugin:80 - create IPUIPlugin
2024-03-13 23:50:00,485 [INFO] PluginManager:220 - loadIPPluginJar : add ltdc
2024-03-13 23:50:00,497 [INFO] IPUIPlugin:80 - create IPUIPlugin
2024-03-13 23:50:00,497 [INFO] PluginManager:220 - loadIPPluginJar : add mdma
2024-03-13 23:50:00,508 [INFO] IPUIPlugin:80 - create IPUIPlugin
2024-03-13 23:50:00,509 [INFO] PluginManager:220 - loadIPPluginJar : add nvic
2024-03-13 23:50:00,539 [INFO] IPUIPlugin:80 - create IPUIPlugin
2024-03-13 23:50:00,539 [INFO] PluginManager:220 - loadIPPluginJar : add opamp
2024-03-13 23:50:00,592 [INFO] IPUIPlugin:80 - create IPUIPlugin
2024-03-13 23:50:00,592 [INFO] PluginManager:220 - loadIPPluginJar : add openamp
2024-03-13 23:50:00,628 [INFO] IPUIPlugin:80 - create IPUIPlugin
2024-03-13 23:50:00,629 [INFO] PluginManager:220 - loadIPPluginJar : add pdm2pcm
2024-03-13 23:50:00,641 [INFO] IPUIPlugin:80 - create IPUIPlugin
2024-03-13 23:50:00,643 [INFO] PluginManager:220 - loadIPPluginJar : add plateformsettings
2024-03-13 23:50:00,663 [INFO] IPUIPlugin:80 - create IPUIPlugin
2024-03-13 23:50:00,664 [INFO] PluginManager:220 - loadIPPluginJar : add quadspi
2024-03-13 23:50:00,676 [INFO] IPUIPlugin:80 - create IPUIPlugin
2024-03-13 23:50:00,676 [INFO] PluginManager:220 - loadIPPluginJar : add resmgrutility
2024-03-13 23:50:00,717 [INFO] IPUIPlugin:80 - create IPUIPlugin
2024-03-13 23:50:00,717 [INFO] PluginManager:220 - loadIPPluginJar : add sai
2024-03-13 23:50:00,752 [INFO] IPUIPlugin:80 - create IPUIPlugin
2024-03-13 23:50:00,752 [INFO] PluginManager:220 - loadIPPluginJar : add spi
2024-03-13 23:50:00,807 [INFO] IPUIPlugin:80 - create IPUIPlugin
2024-03-13 23:50:00,808 [INFO] PluginManager:220 - loadIPPluginJar : add stm32_wpan
2024-03-13 23:50:00,828 [INFO] IPUIPlugin:80 - create IPUIPlugin
2024-03-13 23:50:00,828 [INFO] PluginManager:220 - loadIPPluginJar : add tim
2024-03-13 23:50:00,884 [INFO] IPUIPlugin:80 - create IPUIPlugin
2024-03-13 23:50:00,885 [INFO] PluginManager:220 - loadIPPluginJar : add touchsensing
2024-03-13 23:50:00,903 [INFO] IPUIPlugin:80 - create IPUIPlugin
2024-03-13 23:50:00,903 [INFO] PluginManager:220 - loadIPPluginJar : add tracer_emb
2024-03-13 23:50:00,923 [INFO] IPUIPlugin:80 - create IPUIPlugin
2024-03-13 23:50:00,923 [INFO] PluginManager:220 - loadIPPluginJar : add ts
2024-03-13 23:50:00,942 [INFO] IPUIPlugin:80 - create IPUIPlugin
2024-03-13 23:50:00,942 [INFO] PluginManager:220 - loadIPPluginJar : add tsc
2024-03-13 23:50:00,962 [INFO] IPUIPlugin:80 - create IPUIPlugin
2024-03-13 23:50:00,962 [INFO] PluginManager:220 - loadIPPluginJar : add ucpd
2024-03-13 23:50:01,002 [INFO] IPUIPlugin:80 - create IPUIPlugin
2024-03-13 23:50:01,002 [INFO] PluginManager:220 - loadIPPluginJar : add usart
2024-03-13 23:50:01,044 [INFO] IPUIPlugin:80 - create IPUIPlugin
2024-03-13 23:50:01,044 [INFO] PluginManager:220 - loadIPPluginJar : add usbx
2024-03-13 23:50:01,165 [INFO] CADModel:165 - CPN selected for project level
2024-03-13 23:50:01,166 [INFO] CADModel:114 - Register for checkConnection events
2024-03-13 23:50:01,166 [FATAL] Updater:308 - Updater called before beeing initialized
2024-03-13 23:50:01,166 [ERROR] CADModel:125 - Updater not yet initialized, retry later 
2024-03-13 23:50:01,300 [INFO] CADModel:165 - CPN selected for project level
2024-03-13 23:50:01,300 [INFO] CADModel:114 - Register for checkConnection events
2024-03-13 23:50:01,300 [FATAL] Updater:308 - Updater called before beeing initialized
2024-03-13 23:50:01,300 [ERROR] CADModel:125 - Updater not yet initialized, retry later 
2024-03-13 23:50:01,304 [FATAL] Updater:308 - Updater called before beeing initialized
2024-03-13 23:50:01,392 [FATAL] Updater:308 - Updater called before beeing initialized
2024-03-13 23:50:01,403 [INFO] DbMcusAds:53 - JSON generation date=Wed Nov 29 17:52:27 ICT 2023 (1701255147349)
2024-03-13 23:50:01,403 [FATAL] Updater:308 - Updater called before beeing initialized
2024-03-13 23:50:01,436 [WARN] DetailPanel:346 - Failed to get advertising image, set to default
2024-03-13 23:50:01,520 [FATAL] Updater:308 - Updater called before beeing initialized
2024-03-13 23:50:01,522 [FATAL] Updater:308 - Updater called before beeing initialized
2024-03-13 23:50:01,522 [FATAL] Updater:308 - Updater called before beeing initialized
2024-03-13 23:50:01,522 [WARN] DetailPanel:346 - Failed to get advertising image, set to default
2024-03-13 23:50:01,523 [FATAL] Updater:308 - Updater called before beeing initialized
2024-03-13 23:50:01,571 [ERROR] Updater:1120 - MainUpdater not yet initialized. External WinMGr cannot be set.
2024-03-13 23:50:01,580 [INFO] Updater:1056 - Updater Version found : 6.9.0
2024-03-13 23:50:01,596 [INFO] ApplicationProperties:184 - Using Application install path: C:\ST\STM32CubeIDE_1.13.0\STM32CubeIDE\plugins\com.st.stm32cube.common.mx_6.9.0.202307051724
2024-03-13 23:50:01,776 [INFO] MainUpdater:2868 - connection check result : 10
2024-03-13 23:50:01,777 [INFO] MainUpdater:285 - Updater Check For Update Now.
2024-03-13 23:50:01,777 [INFO] MicroXplorer:498 - Change Database Version : DB.6.0.90
2024-03-13 23:50:01,795 [INFO] McuFinderGlobals:63 - Set McuFinder mode to 2 (CubeIDE integrated)
2024-03-13 23:50:01,942 [WARN] MainUpdater:1189 - Updater busy. Cannot search thirdparties
2024-03-13 23:50:01,942 [INFO] ThirdPartyUpdaterWithRetryManager:96 - Updater plugin is busy. [1/15]
2024-03-13 23:50:01,979 [INFO] CheckServerUpdateThread:120 - End of CheckServer Thread
2024-03-13 23:50:05,126 [WARN] PackLoader:240 - Cannot read IP mode file for STMicroelectronics.X-CUBE-SMBUS.2.1.0
2024-03-13 23:50:05,141 [WARN] PackLoader:240 - Cannot read IP mode file for STMicroelectronics.X-CUBE-TOUCHGFX.4.23.0
2024-03-13 23:50:05,184 [WARN] PackLoader:240 - Cannot read IP mode file for STMicroelectronics.X-CUBE-AZRTOS-F7.1.1.0
2024-03-13 23:50:05,205 [WARN] PackLoader:240 - Cannot read IP mode file for STMicroelectronics.FP-SNS-MOTENV1.4.3.2
2024-03-13 23:50:05,224 [WARN] PackLoader:240 - Cannot read IP mode file for STMicroelectronics.X-CUBE-BLE1.6.2.4
2024-03-13 23:50:05,237 [WARN] PackLoader:240 - Cannot read IP mode file for STMicroelectronics.FP-SNS-FLIGHT1.5.0.2
2024-03-13 23:50:05,254 [WARN] PackLoader:240 - Cannot read IP mode file for STMicroelectronics.X-CUBE-DISPLAY.3.0.0
2024-03-13 23:50:05,272 [WARN] PackLoader:240 - Cannot read IP mode file for STMicroelectronics.X-CUBE-BLE1.7.0.0
2024-03-13 23:50:05,286 [WARN] PackLoader:240 - Cannot read IP mode file for emotas.I-CUBE-CANOPEN.1.3.0
2024-03-13 23:50:05,296 [WARN] PackLoader:240 - Cannot read IP mode file for STMicroelectronics.X-CUBE-TOUCHGFX.4.22.0
2024-03-13 23:50:05,307 [WARN] PackLoader:240 - Cannot read IP mode file for STMicroelectronics.X-CUBE-TOUCHGFX.4.22.1
2024-03-13 23:50:05,325 [WARN] PackLoader:240 - Cannot read IP mode file for STMicroelectronics.X-CUBE-BLEMGR.3.1.0
2024-03-13 23:50:05,339 [WARN] PackLoader:240 - Cannot read IP mode file for STMicroelectronics.FP-SNS-SMARTAG2.1.2.0
2024-03-13 23:50:05,357 [INFO] LogOutputStream:77 - [STDOUT_REDIRECT] 1 : Invalid condition id : UX_CORESTACK_Condition cause : null
2024-03-13 23:50:05,357 [INFO] LogOutputStream:77 - [STDOUT_REDIRECT] 1 : Invalid condition id : UX_CORESTACK_Condition cause : null
2024-03-13 23:50:05,358 [INFO] LogOutputStream:77 - [STDOUT_REDIRECT] 1 : Invalid condition id : UX_CORESTACK_Condition cause : null
2024-03-13 23:50:05,359 [INFO] LogOutputStream:77 - [STDOUT_REDIRECT] 1 : Invalid condition id : UX_CORESTACK_Condition cause : null
2024-03-13 23:50:05,360 [INFO] LogOutputStream:77 - [STDOUT_REDIRECT] 1 : Invalid condition id : UX_CORESTACK_Condition cause : null
2024-03-13 23:50:05,365 [WARN] PackLoader:240 - Cannot read IP mode file for STMicroelectronics.X-CUBE-AZRTOS-WL.2.0.0
2024-03-13 23:50:05,380 [WARN] PackLoader:240 - Cannot read IP mode file for WES.I-CUBE-Cesium.1.3.0
2024-03-13 23:50:05,390 [WARN] PackLoader:240 - Cannot read IP mode file for STMicroelectronics.X-CUBE-BLE2.3.3.0
2024-03-13 23:50:05,402 [WARN] PackLoader:240 - Cannot read IP mode file for STMicroelectronics.X-CUBE-ALGOBUILD.1.3.0
2024-03-13 23:50:05,425 [WARN] PackLoader:240 - Cannot read IP mode file for STMicroelectronics.X-CUBE-AZRTOS-G0.1.1.0
2024-03-13 23:50:05,438 [WARN] PackLoader:240 - Cannot read IP mode file for STMicroelectronics.X-CUBE-NFC4.3.0.0
2024-03-13 23:50:05,454 [WARN] PackLoader:240 - Cannot read IP mode file for STMicroelectronics.X-CUBE-BLEMGR.3.0.0
2024-03-13 23:50:05,466 [WARN] PackLoader:240 - Cannot read IP mode file for STMicroelectronics.FP-ATR-SIGFOX1.3.2.0
2024-03-13 23:50:05,476 [WARN] PackLoader:240 - Cannot read IP mode file for STMicroelectronics.X-CUBE-EEPRMA1.5.1.0
2024-03-13 23:50:05,511 [WARN] PackLoader:240 - Cannot read IP mode file for SEGGER.I-CUBE-embOS.1.3.1
2024-03-13 23:50:05,560 [WARN] PackLoader:240 - Cannot read IP mode file for STMicroelectronics.X-CUBE-GNSS1.6.0.0
2024-03-13 23:50:05,591 [WARN] PackLoader:240 - Cannot read IP mode file for STMicroelectronics.X-CUBE-AZRTOS-F4.1.1.0
2024-03-13 23:50:05,615 [WARN] PackLoader:240 - Cannot read IP mode file for wolfSSL.I-CUBE-wolfSSL.5.6.3
2024-03-13 23:50:05,645 [WARN] PackLoader:240 - Cannot read IP mode file for STMicroelectronics.X-CUBE-AZRTOS-L5.2.0.0
2024-03-13 23:50:05,695 [WARN] PackLoader:240 - Cannot read IP mode file for STMicroelectronics.X-CUBE-MEMS1.9.6.0
2024-03-13 23:50:05,896 [WARN] PackLoader:240 - Cannot read IP mode file for STMicroelectronics.X-CUBE-EEPRMA1.4.2.0
2024-03-13 23:50:05,925 [WARN] PackLoader:240 - Cannot read IP mode file for ITTIA_DB.I-CUBE-ITTIADB.8.8.0
2024-03-13 23:50:05,946 [WARN] PackLoader:240 - Cannot read IP mode file for STMicroelectronics.X-CUBE-BLEMGR.2.0.0
2024-03-13 23:50:05,980 [WARN] ConditionMgr:438 - getConditionDescription Invalid condition id : UX DEVICE CLASS RTOS Condition cause : null
2024-03-13 23:50:05,981 [WARN] ConditionMgr:438 - getConditionDescription Invalid condition id : UX DEVICE CLASS RTOS Condition cause : null
2024-03-13 23:50:05,984 [WARN] PackLoader:240 - Cannot read IP mode file for STMicroelectronics.X-CUBE-AZRTOS-H7.3.1.0
2024-03-13 23:50:05,985 [WARN] ConditionMgr:1039 - genDependencies : Invalid condition id : UX DEVICE CLASS RTOS Condition cause : null
2024-03-13 23:50:05,985 [WARN] ConditionMgr:1039 - genDependencies : Invalid condition id : UX DEVICE CLASS RTOS Condition cause : null
2024-03-13 23:50:05,986 [WARN] ConditionMgr:1039 - genDependencies : Invalid condition id : UX DEVICE CLASS RTOS Condition cause : null
2024-03-13 23:50:05,987 [WARN] ConditionMgr:1039 - genDependencies : Invalid condition id : UX DEVICE CLASS RTOS Condition cause : null
2024-03-13 23:50:05,987 [WARN] ConditionMgr:1039 - genDependencies : Invalid condition id : UX DEVICE CLASS RTOS Condition cause : null
2024-03-13 23:50:06,002 [WARN] PackLoader:240 - Cannot read IP mode file for STMicroelectronics.X-CUBE-NFC7.1.0.1
2024-03-13 23:50:06,015 [WARN] PackLoader:240 - Cannot read IP mode file for STMicroelectronics.X-CUBE-NFC6.3.0.0
2024-03-13 23:50:06,027 [WARN] PackLoader:240 - Cannot read IP mode file for STMicroelectronics.X-CUBE-EEPRMA1.4.1.0
2024-03-13 23:50:06,040 [WARN] PackLoader:240 - Cannot read IP mode file for STMicroelectronics.X-CUBE-AI.8.1.0
2024-03-13 23:50:06,067 [WARN] ConditionMgr:438 - getConditionDescription Invalid condition id : LAN8742 Phy interface Condition cause : null
2024-03-13 23:50:06,068 [WARN] PackLoader:240 - Cannot read IP mode file for STMicroelectronics.X-CUBE-AZRTOS-L4.2.0.0
2024-03-13 23:50:06,069 [WARN] ConditionMgr:1039 - genDependencies : Invalid condition id : LAN8742 Phy interface Condition cause : null
2024-03-13 23:50:06,070 [WARN] ConditionMgr:1039 - genDependencies : Invalid condition id : LAN8742 Phy interface Condition cause : null
2024-03-13 23:50:06,071 [WARN] ConditionMgr:1039 - genDependencies : Invalid condition id : LAN8742 Phy interface Condition cause : null
2024-03-13 23:50:06,087 [WARN] PackLoader:240 - Cannot read IP mode file for STMicroelectronics.X-CUBE-SFXS2LP1.4.0.0
2024-03-13 23:50:06,099 [WARN] PackLoader:240 - Cannot read IP mode file for STMicroelectronics.X-CUBE-ISPU.1.1.0
2024-03-13 23:50:06,123 [WARN] ConditionMgr:438 - getConditionDescription Invalid condition id : UX DEVICE CLASS RTOS Condition cause : null
2024-03-13 23:50:06,123 [WARN] ConditionMgr:438 - getConditionDescription Invalid condition id : UX DEVICE CLASS RTOS Condition cause : null
2024-03-13 23:50:06,126 [WARN] PackLoader:240 - Cannot read IP mode file for STMicroelectronics.X-CUBE-AZRTOS-WB.2.0.0
2024-03-13 23:50:06,126 [WARN] ConditionMgr:1039 - genDependencies : Invalid condition id : UX DEVICE CLASS RTOS Condition cause : null
2024-03-13 23:50:06,127 [WARN] ConditionMgr:1039 - genDependencies : Invalid condition id : UX DEVICE CLASS RTOS Condition cause : null
2024-03-13 23:50:06,127 [WARN] ConditionMgr:1039 - genDependencies : Invalid condition id : UX DEVICE CLASS RTOS Condition cause : null
2024-03-13 23:50:06,128 [WARN] ConditionMgr:1039 - genDependencies : Invalid condition id : UX DEVICE CLASS RTOS Condition cause : null
2024-03-13 23:50:06,128 [WARN] ConditionMgr:1039 - genDependencies : Invalid condition id : UX DEVICE CLASS RTOS Condition cause : null
2024-03-13 23:50:06,142 [WARN] PackLoader:240 - Cannot read IP mode file for STMicroelectronics.X-CUBE-FREERTOS.1.0.1
2024-03-13 23:50:06,166 [WARN] PackLoader:240 - Cannot read IP mode file for STMicroelectronics.X-CUBE-AZRTOS-L5.1.1.0
2024-03-13 23:50:06,182 [WARN] PackLoader:240 - Cannot read IP mode file for STMicroelectronics.X-CUBE-AI.8.0.1
2024-03-13 23:50:06,202 [WARN] PackLoader:240 - Cannot read IP mode file for STMicroelectronics.X-CUBE-SUBG2.5.0.0
2024-03-13 23:50:06,222 [WARN] PackLoader:240 - Cannot read IP mode file for STMicroelectronics.X-CUBE-TOF1.3.3.1
2024-03-13 23:50:06,250 [WARN] PackLoader:240 - Cannot read IP mode file for STMicroelectronics.X-CUBE-AZRTOS-G4.2.0.0
2024-03-13 23:50:06,269 [WARN] PackLoader:240 - Cannot read IP mode file for Infineon.AIROC-Wi-Fi-Bluetooth-STM32.1.5.1
2024-03-13 23:50:06,283 [WARN] PackLoader:240 - Cannot read IP mode file for STMicroelectronics.FP-SNS-MOTENVWB1.1.3.1
2024-03-13 23:50:06,296 [WARN] PackLoader:240 - Cannot read IP mode file for STMicroelectronics.X-CUBE-ISPU.2.0.0
2024-03-13 23:50:06,343 [WARN] PackLoader:240 - Cannot read IP mode file for STMicroelectronics.X-CUBE-MEMS1.10.0.0
2024-03-13 23:50:06,437 [WARN] PackLoader:240 - Cannot read IP mode file for STMicroelectronics.X-CUBE-FREERTOS.1.1.0
2024-03-13 23:50:06,452 [WARN] PackLoader:240 - Cannot read IP mode file for portGmbH.I-Cube-SoM-uGOAL.1.1.0
2024-03-13 23:50:06,464 [WARN] PackLoader:240 - Cannot read IP mode file for STMicroelectronics.X-CUBE-ALS.1.0.1
2024-03-13 23:50:06,491 [WARN] PackLoader:240 - Cannot read IP mode file for STMicroelectronics.X-CUBE-AZRTOS-WB.1.1.0
2024-03-13 23:50:06,506 [WARN] PackLoader:240 - Cannot read IP mode file for STMicroelectronics.FP-ATR-ASTRA1.2.0.0
2024-03-13 23:50:06,523 [WARN] PackLoader:240 - Cannot read IP mode file for STMicroelectronics.X-CUBE-TOF1.3.4.0
2024-03-13 23:50:06,546 [WARN] PackLoader:240 - Cannot read IP mode file for STMicroelectronics.X-CUBE-TOF1.3.4.1
2024-03-13 23:50:06,576 [WARN] PackLoader:240 - Cannot read IP mode file for STMicroelectronics.X-CUBE-AZRTOS-H7.3.2.0
2024-03-13 23:50:06,579 [INFO] ThirdParty:978 - Integrity check success = true
2024-03-13 23:50:06,579 [INFO] IntegrityCheckThread:100 - exiting critical section [integrity check]
2024-03-13 23:50:06,579 [INFO] IntegrityCheckThread:103 - End integrity checks thread
2024-03-13 23:50:22,719 [ERROR] LogOutputStream:75 - [STDERR_REDIRECT] SLF4J: Failed to load class "org.slf4j.impl.StaticLoggerBinder".
2024-03-13 23:50:22,719 [ERROR] LogOutputStream:75 - [STDERR_REDIRECT] SLF4J: Defaulting to no-operation (NOP) logger implementation
2024-03-13 23:50:22,720 [ERROR] LogOutputStream:75 - [STDERR_REDIRECT] SLF4J: See http://www.slf4j.org/codes.html#StaticLoggerBinder for further details.
