2024-03-15 23:33:44,724 [INFO] Activator:176 - 


2024-03-15 23:33:44,729 [INFO] Activator:177 - !SESSION log4j initialized
2024-03-15 23:33:47,918 [INFO] LogOutputStream:77 - [STDOUT_REDIRECT] 
2024-03-15 23:33:55,355 [INFO] ApplicationProperties:184 - Using Application install path: C:\ST\STM32CubeIDE_1.13.0\STM32CubeIDE\plugins\com.st.stm32cube.common.mx_6.9.0.202307051724
2024-03-15 23:33:55,371 [INFO] DbMcusXml:78 - Set database path to: C:\ST\STM32CubeIDE_1.13.0\STM32CubeIDE\plugins\com.st.stm32cube.common.mx_6.9.0.202307051724\\db\/mcu/
2024-03-15 23:33:55,371 [INFO] ApiDb:274 - Set plugin database path to: C:\ST\STM32CubeIDE_1.13.0\STM32CubeIDE\plugins\com.st.stm32cube.common.mx_6.9.0.202307051724\\db\/plugins/boardmanager/
2024-03-15 23:33:55,371 [WARN] ApiDb:259 - Overriding images path with different value:  => C:\ST\STM32CubeIDE_1.13.0\STM32CubeIDE\plugins\com.st.stm32cube.common.mx_6.9.0.202307051724\\db\/plugins/mcufinder/images/
2024-03-15 23:33:55,382 [INFO] ApiDb:250 - Set database path to: C:\Users\vieth\.stmcufinder\plugins\mcufinder//mcu/
2024-03-15 23:33:55,383 [INFO] DbMcusAds:125 - Set database path to: C:\Users\vieth\.stmcufinder\plugins\mcufinder//mcu/
2024-03-15 23:33:56,355 [INFO] CrossReferenceDbSqlite:203 - Set database path to: C:\Users\vieth\.stmcufinder\plugins\mcufinder//mcu/cs/
2024-03-15 23:33:56,448 [INFO] RulesReader:64 - Compatibility file has been processed (293 Rules)
2024-03-15 23:33:56,515 [INFO] DbMcusXml:78 - Set database path to: C:\ST\STM32CubeIDE_1.13.0\STM32CubeIDE\plugins\com.st.stm32cube.common.mx_6.9.0.202307051724\\db\/mcu/
2024-03-15 23:33:56,516 [INFO] ApiDb:274 - Set plugin database path to: C:\ST\STM32CubeIDE_1.13.0\STM32CubeIDE\plugins\com.st.stm32cube.common.mx_6.9.0.202307051724\\db\/plugins/boardmanager/
2024-03-15 23:33:56,516 [INFO] ApiDb:261 - Set plugin images path to: C:\ST\STM32CubeIDE_1.13.0\STM32CubeIDE\plugins\com.st.stm32cube.common.mx_6.9.0.202307051724\\db\/plugins/mcufinder/images/
2024-03-15 23:33:56,516 [WARN] DbFile:41 - Overriding database path with different value: C:\Users\vieth\.stmcufinder\plugins\mcufinder/ => C:\Users\vieth\.stmcufinder\plugins\mcufinder
2024-03-15 23:33:56,516 [INFO] ApiDb:250 - Set database path to: C:\Users\vieth\.stmcufinder\plugins\mcufinder//mcu/
2024-03-15 23:33:56,516 [WARN] DbFile:41 - Overriding database path with different value: C:\Users\vieth\.stmcufinder\plugins\mcufinder/ => C:\Users\vieth\.stmcufinder\plugins\mcufinder
2024-03-15 23:33:56,517 [INFO] DbMcusAds:125 - Set database path to: C:\Users\vieth\.stmcufinder\plugins\mcufinder//mcu/
2024-03-15 23:33:56,517 [WARN] DbFile:41 - Overriding database path with different value: C:\Users\vieth\.stmcufinder\plugins\mcufinder/ => C:\Users\vieth\.stmcufinder\plugins\mcufinder
2024-03-15 23:33:56,517 [WARN] DbFile:41 - Overriding database path with different value: C:\Users\vieth\.stmcufinder\plugins\mcufinder/ => C:\Users\vieth\.stmcufinder\plugins\mcufinder
2024-03-15 23:33:57,355 [INFO] CrossReferenceDbSqlite:203 - Set database path to: C:\Users\vieth\.stmcufinder\plugins\mcufinder//mcu/cs/
2024-03-15 23:33:57,418 [INFO] MainPanel:262 - HeapMemory: 268435456
2024-03-15 23:33:57,497 [INFO] DbMcusXml:78 - Set database path to: C:\ST\STM32CubeIDE_1.13.0\STM32CubeIDE\plugins\com.st.stm32cube.common.mx_6.9.0.202307051724\\db\/mcu/
2024-03-15 23:33:57,497 [INFO] ApiDb:274 - Set plugin database path to: C:\ST\STM32CubeIDE_1.13.0\STM32CubeIDE\plugins\com.st.stm32cube.common.mx_6.9.0.202307051724\\db\/plugins/boardmanager/
2024-03-15 23:33:57,497 [INFO] ApiDb:261 - Set plugin images path to: C:\ST\STM32CubeIDE_1.13.0\STM32CubeIDE\plugins\com.st.stm32cube.common.mx_6.9.0.202307051724\\db\/plugins/mcufinder/images/
2024-03-15 23:33:57,498 [WARN] DbFile:41 - Overriding database path with different value: C:\Users\vieth\.stmcufinder\plugins\mcufinder/ => C:\Users\vieth\.stmcufinder\plugins\mcufinder
2024-03-15 23:33:57,498 [INFO] ApiDb:250 - Set database path to: C:\Users\vieth\.stmcufinder\plugins\mcufinder//mcu/
2024-03-15 23:33:57,498 [WARN] DbFile:41 - Overriding database path with different value: C:\Users\vieth\.stmcufinder\plugins\mcufinder/ => C:\Users\vieth\.stmcufinder\plugins\mcufinder
2024-03-15 23:33:57,498 [INFO] DbMcusAds:125 - Set database path to: C:\Users\vieth\.stmcufinder\plugins\mcufinder//mcu/
2024-03-15 23:33:57,498 [WARN] DbFile:41 - Overriding database path with different value: C:\Users\vieth\.stmcufinder\plugins\mcufinder/ => C:\Users\vieth\.stmcufinder\plugins\mcufinder
2024-03-15 23:33:57,498 [WARN] DbFile:41 - Overriding database path with different value: C:\Users\vieth\.stmcufinder\plugins\mcufinder/ => C:\Users\vieth\.stmcufinder\plugins\mcufinder
2024-03-15 23:33:58,355 [INFO] CrossReferenceDbSqlite:203 - Set database path to: C:\Users\vieth\.stmcufinder\plugins\mcufinder//mcu/cs/
2024-03-15 23:33:58,371 [INFO] ApplicationProperties:184 - Using Application install path: C:\ST\STM32CubeIDE_1.13.0\STM32CubeIDE\plugins\com.st.stm32cube.common.mx_6.9.0.202307051724
2024-03-15 23:33:58,373 [INFO] PluginManage:196 - Search for loadable plugins [exclusion list=, ]
2024-03-15 23:33:58,374 [INFO] PluginManage:310 - Check plugin analytics
2024-03-15 23:34:04,094 [INFO] AnalyticsPlugin:253 - Accepted Software Licenses: 
2024-03-15 23:34:04,095 [INFO] AnalyticsPlugin:255 - Accepted CMSIS Pack Licenses: 
2024-03-15 23:34:04,095 [INFO] AnalyticsPlugin:257 - Accepted Firmware Licenses: FW.F4.1.27.0
2024-03-15 23:34:04,097 [INFO] PluginManage:359 - Loaded plugin analytics (category:tool,tabindex:-1)
2024-03-15 23:34:04,098 [INFO] PluginManage:310 - Check plugin cadmodel
2024-03-15 23:34:04,111 [INFO] CADModel:105 - Init CAD model plugin
2024-03-15 23:34:04,111 [INFO] PluginManage:359 - Loaded plugin cadmodel (category:power,tabindex:5)
2024-03-15 23:34:04,111 [INFO] PluginManage:310 - Check plugin clock
2024-03-15 23:34:04,129 [INFO] PluginManage:359 - Loaded plugin clock (category:base,tabindex:2)
2024-03-15 23:34:04,129 [INFO] PluginManage:310 - Check plugin ddr
2024-03-15 23:34:04,132 [INFO] PluginManage:359 - Loaded plugin ddr (category:tool,tabindex:6)
2024-03-15 23:34:04,132 [INFO] PluginManage:310 - Check plugin filemanager
2024-03-15 23:34:04,263 [INFO] PluginManage:359 - Loaded plugin filemanager (category:base,tabindex:10)
2024-03-15 23:34:04,263 [INFO] PluginManage:310 - Check plugin ipmanager
2024-03-15 23:34:04,271 [INFO] PluginManage:359 - Loaded plugin ipmanager (category:base,tabindex:5)
2024-03-15 23:34:04,272 [INFO] PluginManage:310 - Check plugin lpbam
2024-03-15 23:34:04,289 [INFO] PluginManage:359 - Loaded plugin lpbam (category:base,tabindex:0)
2024-03-15 23:34:04,289 [INFO] PluginManage:310 - Check plugin memorymap
2024-03-15 23:34:04,315 [INFO] PluginManage:359 - Loaded plugin memorymap (category:base,tabindex:4)
2024-03-15 23:34:04,315 [INFO] PluginManage:310 - Check plugin pinoutandconfiguration
2024-03-15 23:34:04,331 [INFO] PluginManage:359 - Loaded plugin pinoutandconfiguration (category:base,tabindex:1)
2024-03-15 23:34:04,331 [INFO] PluginManage:310 - Check plugin pinoutconfig
2024-03-15 23:34:04,410 [WARN] SupportedApi:132 - Cannot load RTOS API schema: s4s-elt-must-match.1: The content of 'definitions' must match (annotation?, (simpleType | complexType)?, (unique | key | keyref)*)). A problem was found starting at: attribute.
2024-03-15 23:34:04,514 [INFO] PluginManage:359 - Loaded plugin pinoutconfig (category:base,tabindex:0)
2024-03-15 23:34:04,515 [INFO] PluginManage:310 - Check plugin power
2024-03-15 23:34:04,531 [INFO] PluginManage:359 - Loaded plugin power (category:power,tabindex:4)
2024-03-15 23:34:04,531 [INFO] PluginManage:310 - Check plugin projectmanager
2024-03-15 23:34:04,543 [INFO] PluginManage:359 - Loaded plugin projectmanager (category:projectmanager,tabindex:3)
2024-03-15 23:34:04,543 [INFO] PluginManage:310 - Check plugin thirdparty
2024-03-15 23:34:04,766 [INFO] PluginManage:359 - Loaded plugin thirdparty (category:base,tabindex:-1)
2024-03-15 23:34:04,767 [INFO] PluginManage:310 - Check plugin tools
2024-03-15 23:34:04,767 [WARN] IntegrityCheckThread:84 - waiting for thirdparty lock release [integrity check]
2024-03-15 23:34:04,767 [INFO] IntegrityCheckThread:86 - entering critical section [integrity check]
2024-03-15 23:34:04,767 [INFO] ThirdPartyUpdaterWithRetryManager:70 - Updater plugin not ready yet. [1/15]
2024-03-15 23:34:04,794 [INFO] PluginManage:359 - Loaded plugin tools (category:base,tabindex:7)
2024-03-15 23:34:04,794 [INFO] PluginManage:310 - Check plugin tutovideos
2024-03-15 23:34:04,960 [INFO] PluginManage:359 - Loaded plugin tutovideos (category:base,tabindex:-1)
2024-03-15 23:34:04,960 [INFO] PluginManage:310 - Check plugin updater
2024-03-15 23:34:04,969 [INFO] PluginManage:359 - Loaded plugin updater (category:base,tabindex:12)
2024-03-15 23:34:04,969 [INFO] PluginManage:310 - Check plugin userauth
2024-03-15 23:34:04,973 [INFO] UserAuth:113 - Init User Auth plugin
2024-03-15 23:34:04,974 [INFO] PluginManage:359 - Loaded plugin userauth (category:base,tabindex:14)
2024-03-15 23:34:04,974 [INFO] PluginManage:283 - PluginManage : Loaded plugins [17]
2024-03-15 23:34:05,142 [INFO] PinOutPanel:1499 - setPackage(No Configuration,No Configuration)
2024-03-15 23:34:05,224 [INFO] CADModel:165 - CPN selected for project level
2024-03-15 23:34:05,224 [INFO] CADModel:114 - Register for checkConnection events
2024-03-15 23:34:05,247 [INFO] IPUIPlugin:80 - create IPUIPlugin
2024-03-15 23:34:05,247 [INFO] PluginManager:220 - loadIPPluginJar : add adc
2024-03-15 23:34:05,279 [INFO] IPUIPlugin:80 - create IPUIPlugin
2024-03-15 23:34:05,279 [INFO] PluginManager:220 - loadIPPluginJar : add aes
2024-03-15 23:34:05,315 [INFO] IPUIPlugin:80 - create IPUIPlugin
2024-03-15 23:34:05,315 [INFO] PluginManager:220 - loadIPPluginJar : add can
2024-03-15 23:34:05,334 [INFO] IPUIPlugin:80 - create IPUIPlugin
2024-03-15 23:34:05,334 [INFO] PluginManager:220 - loadIPPluginJar : add comp
2024-03-15 23:34:05,363 [INFO] IPUIPlugin:80 - create IPUIPlugin
2024-03-15 23:34:05,363 [INFO] PluginManager:220 - loadIPPluginJar : add cryp
2024-03-15 23:34:05,390 [INFO] IPUIPlugin:80 - create IPUIPlugin
2024-03-15 23:34:05,390 [INFO] PluginManager:220 - loadIPPluginJar : add dfsdm
2024-03-15 23:34:05,403 [INFO] IPUIPlugin:80 - create IPUIPlugin
2024-03-15 23:34:05,403 [INFO] PluginManager:220 - loadIPPluginJar : add dma
2024-03-15 23:34:05,439 [INFO] IPUIPlugin:80 - create IPUIPlugin
2024-03-15 23:34:05,439 [INFO] PluginManager:220 - loadIPPluginJar : add dma3
2024-03-15 23:34:05,456 [INFO] IPUIPlugin:80 - create IPUIPlugin
2024-03-15 23:34:05,456 [INFO] PluginManager:220 - loadIPPluginJar : add fatfs
2024-03-15 23:34:05,494 [INFO] IPUIPlugin:80 - create IPUIPlugin
2024-03-15 23:34:05,495 [INFO] PluginManager:220 - loadIPPluginJar : add fmc
2024-03-15 23:34:05,506 [INFO] IPUIPlugin:80 - create IPUIPlugin
2024-03-15 23:34:05,506 [INFO] PluginManager:220 - loadIPPluginJar : add freertos
2024-03-15 23:34:05,523 [INFO] IPUIPlugin:80 - create IPUIPlugin
2024-03-15 23:34:05,523 [INFO] PluginManager:220 - loadIPPluginJar : add genericplugin
2024-03-15 23:34:05,594 [INFO] IPUIPlugin:80 - create IPUIPlugin
2024-03-15 23:34:05,595 [INFO] PluginManager:220 - loadIPPluginJar : add gfxmmu
2024-03-15 23:34:05,695 [INFO] IPUIPlugin:80 - create IPUIPlugin
2024-03-15 23:34:05,695 [INFO] PluginManager:220 - loadIPPluginJar : add gic
2024-03-15 23:34:05,706 [INFO] IPUIPlugin:80 - create IPUIPlugin
2024-03-15 23:34:05,706 [INFO] PluginManager:220 - loadIPPluginJar : add gpio
2024-03-15 23:34:05,781 [INFO] IPUIPlugin:80 - create IPUIPlugin
2024-03-15 23:34:05,781 [INFO] PluginManager:220 - loadIPPluginJar : add gtzc
2024-03-15 23:34:05,807 [INFO] IPUIPlugin:80 - create IPUIPlugin
2024-03-15 23:34:05,807 [INFO] PluginManager:220 - loadIPPluginJar : add hash
2024-03-15 23:34:05,847 [INFO] IPUIPlugin:80 - create IPUIPlugin
2024-03-15 23:34:05,847 [INFO] PluginManager:220 - loadIPPluginJar : add i2c
2024-03-15 23:34:05,878 [INFO] IPUIPlugin:80 - create IPUIPlugin
2024-03-15 23:34:05,878 [INFO] PluginManager:220 - loadIPPluginJar : add i2s
2024-03-15 23:34:05,911 [INFO] IPUIPlugin:80 - create IPUIPlugin
2024-03-15 23:34:05,911 [INFO] PluginManager:220 - loadIPPluginJar : add i3c
2024-03-15 23:34:05,995 [INFO] IPUIPlugin:80 - create IPUIPlugin
2024-03-15 23:34:05,995 [INFO] PluginManager:220 - loadIPPluginJar : add ipddr
2024-03-15 23:34:06,067 [INFO] IPUIPlugin:80 - create IPUIPlugin
2024-03-15 23:34:06,067 [INFO] PluginManager:220 - loadIPPluginJar : add linkedlist
2024-03-15 23:34:06,096 [INFO] IPUIPlugin:80 - create IPUIPlugin
2024-03-15 23:34:06,096 [INFO] PluginManager:220 - loadIPPluginJar : add lorawan
2024-03-15 23:34:06,127 [INFO] IPUIPlugin:80 - create IPUIPlugin
2024-03-15 23:34:06,127 [INFO] PluginManager:220 - loadIPPluginJar : add ltdc
2024-03-15 23:34:06,139 [INFO] IPUIPlugin:80 - create IPUIPlugin
2024-03-15 23:34:06,140 [INFO] PluginManager:220 - loadIPPluginJar : add mdma
2024-03-15 23:34:06,150 [INFO] IPUIPlugin:80 - create IPUIPlugin
2024-03-15 23:34:06,150 [INFO] PluginManager:220 - loadIPPluginJar : add nvic
2024-03-15 23:34:06,180 [INFO] IPUIPlugin:80 - create IPUIPlugin
2024-03-15 23:34:06,180 [INFO] PluginManager:220 - loadIPPluginJar : add opamp
2024-03-15 23:34:06,230 [INFO] IPUIPlugin:80 - create IPUIPlugin
2024-03-15 23:34:06,230 [INFO] PluginManager:220 - loadIPPluginJar : add openamp
2024-03-15 23:34:06,266 [INFO] IPUIPlugin:80 - create IPUIPlugin
2024-03-15 23:34:06,266 [INFO] PluginManager:220 - loadIPPluginJar : add pdm2pcm
2024-03-15 23:34:06,278 [INFO] IPUIPlugin:80 - create IPUIPlugin
2024-03-15 23:34:06,280 [INFO] PluginManager:220 - loadIPPluginJar : add plateformsettings
2024-03-15 23:34:06,298 [INFO] IPUIPlugin:80 - create IPUIPlugin
2024-03-15 23:34:06,298 [INFO] PluginManager:220 - loadIPPluginJar : add quadspi
2024-03-15 23:34:06,310 [INFO] IPUIPlugin:80 - create IPUIPlugin
2024-03-15 23:34:06,310 [INFO] PluginManager:220 - loadIPPluginJar : add resmgrutility
2024-03-15 23:34:06,350 [INFO] IPUIPlugin:80 - create IPUIPlugin
2024-03-15 23:34:06,350 [INFO] PluginManager:220 - loadIPPluginJar : add sai
2024-03-15 23:34:06,379 [INFO] IPUIPlugin:80 - create IPUIPlugin
2024-03-15 23:34:06,379 [INFO] PluginManager:220 - loadIPPluginJar : add spi
2024-03-15 23:34:06,423 [INFO] IPUIPlugin:80 - create IPUIPlugin
2024-03-15 23:34:06,424 [INFO] PluginManager:220 - loadIPPluginJar : add stm32_wpan
2024-03-15 23:34:06,442 [INFO] IPUIPlugin:80 - create IPUIPlugin
2024-03-15 23:34:06,442 [INFO] PluginManager:220 - loadIPPluginJar : add tim
2024-03-15 23:34:06,488 [INFO] IPUIPlugin:80 - create IPUIPlugin
2024-03-15 23:34:06,488 [INFO] PluginManager:220 - loadIPPluginJar : add touchsensing
2024-03-15 23:34:06,508 [INFO] IPUIPlugin:80 - create IPUIPlugin
2024-03-15 23:34:06,508 [INFO] PluginManager:220 - loadIPPluginJar : add tracer_emb
2024-03-15 23:34:06,527 [INFO] IPUIPlugin:80 - create IPUIPlugin
2024-03-15 23:34:06,527 [INFO] PluginManager:220 - loadIPPluginJar : add ts
2024-03-15 23:34:06,544 [INFO] IPUIPlugin:80 - create IPUIPlugin
2024-03-15 23:34:06,545 [INFO] PluginManager:220 - loadIPPluginJar : add tsc
2024-03-15 23:34:06,563 [INFO] IPUIPlugin:80 - create IPUIPlugin
2024-03-15 23:34:06,563 [INFO] PluginManager:220 - loadIPPluginJar : add ucpd
2024-03-15 23:34:06,602 [INFO] IPUIPlugin:80 - create IPUIPlugin
2024-03-15 23:34:06,602 [INFO] PluginManager:220 - loadIPPluginJar : add usart
2024-03-15 23:34:06,640 [INFO] IPUIPlugin:80 - create IPUIPlugin
2024-03-15 23:34:06,640 [INFO] PluginManager:220 - loadIPPluginJar : add usbx
2024-03-15 23:34:06,755 [INFO] CADModel:165 - CPN selected for project level
2024-03-15 23:34:06,755 [INFO] CADModel:114 - Register for checkConnection events
2024-03-15 23:34:06,756 [FATAL] Updater:308 - Updater called before beeing initialized
2024-03-15 23:34:06,756 [ERROR] CADModel:125 - Updater not yet initialized, retry later 
2024-03-15 23:34:06,872 [INFO] CADModel:165 - CPN selected for project level
2024-03-15 23:34:06,872 [INFO] CADModel:114 - Register for checkConnection events
2024-03-15 23:34:06,872 [FATAL] Updater:308 - Updater called before beeing initialized
2024-03-15 23:34:06,872 [ERROR] CADModel:125 - Updater not yet initialized, retry later 
2024-03-15 23:34:06,876 [FATAL] Updater:308 - Updater called before beeing initialized
2024-03-15 23:34:06,955 [FATAL] Updater:308 - Updater called before beeing initialized
2024-03-15 23:34:06,963 [INFO] DbMcusAds:53 - JSON generation date=Wed Nov 29 17:52:27 ICT 2023 (1701255147349)
2024-03-15 23:34:06,963 [FATAL] Updater:308 - Updater called before beeing initialized
2024-03-15 23:34:06,996 [WARN] DetailPanel:346 - Failed to get advertising image, set to default
2024-03-15 23:34:07,070 [FATAL] Updater:308 - Updater called before beeing initialized
2024-03-15 23:34:07,072 [FATAL] Updater:308 - Updater called before beeing initialized
2024-03-15 23:34:07,072 [FATAL] Updater:308 - Updater called before beeing initialized
2024-03-15 23:34:07,072 [WARN] DetailPanel:346 - Failed to get advertising image, set to default
2024-03-15 23:34:07,073 [FATAL] Updater:308 - Updater called before beeing initialized
2024-03-15 23:34:07,118 [ERROR] Updater:1120 - MainUpdater not yet initialized. External WinMGr cannot be set.
2024-03-15 23:34:07,127 [INFO] Updater:1056 - Updater Version found : 6.9.0
2024-03-15 23:34:07,144 [INFO] ApplicationProperties:184 - Using Application install path: C:\ST\STM32CubeIDE_1.13.0\STM32CubeIDE\plugins\com.st.stm32cube.common.mx_6.9.0.202307051724
2024-03-15 23:34:07,296 [INFO] MainUpdater:2868 - connection check result : 10
2024-03-15 23:34:07,296 [INFO] MainUpdater:3562 - Updater definition file requires update
2024-03-15 23:34:07,297 [INFO] MainUpdater:285 - Updater Check For Update Now.
2024-03-15 23:34:07,298 [INFO] MicroXplorer:498 - Change Database Version : DB.6.0.90
2024-03-15 23:34:07,311 [INFO] McuFinderGlobals:63 - Set McuFinder mode to 2 (CubeIDE integrated)
2024-03-15 23:34:07,366 [INFO] ServerAccessManage:473 - Download File updaters.zip
2024-03-15 23:34:07,490 [INFO] FileExtend:240 - Unzip File : updaters.zip
2024-03-15 23:34:07,490 [INFO] FileExtend:255 - Standard Zip Deflate
2024-03-15 23:34:07,770 [WARN] MainUpdater:1189 - Updater busy. Cannot search thirdparties
2024-03-15 23:34:07,770 [INFO] ThirdPartyUpdaterWithRetryManager:96 - Updater plugin is busy. [1/15]
2024-03-15 23:34:07,903 [INFO] ServerAccessManage:473 - Download File PacksControlFlags.xml
2024-03-15 23:34:08,038 [INFO] ServerAccessManage:473 - Download File cubemx.pidx
2024-03-15 23:34:08,176 [INFO] LoadServerUpdatesThread:373 - End of LoadServerUpdate Thread
2024-03-15 23:34:08,378 [INFO] CheckServerUpdateThread:120 - End of CheckServer Thread
2024-03-15 23:34:10,944 [WARN] PackLoader:240 - Cannot read IP mode file for STMicroelectronics.X-CUBE-SMBUS.2.1.0
2024-03-15 23:34:10,958 [WARN] PackLoader:240 - Cannot read IP mode file for STMicroelectronics.X-CUBE-TOUCHGFX.4.23.0
2024-03-15 23:34:10,997 [WARN] PackLoader:240 - Cannot read IP mode file for STMicroelectronics.X-CUBE-AZRTOS-F7.1.1.0
2024-03-15 23:34:11,018 [WARN] PackLoader:240 - Cannot read IP mode file for STMicroelectronics.FP-SNS-MOTENV1.4.3.2
2024-03-15 23:34:11,039 [WARN] PackLoader:240 - Cannot read IP mode file for STMicroelectronics.X-CUBE-BLE1.6.2.4
2024-03-15 23:34:11,050 [WARN] PackLoader:240 - Cannot read IP mode file for STMicroelectronics.FP-SNS-FLIGHT1.5.0.2
2024-03-15 23:34:11,066 [WARN] PackLoader:240 - Cannot read IP mode file for STMicroelectronics.X-CUBE-DISPLAY.3.0.0
2024-03-15 23:34:11,083 [WARN] PackLoader:240 - Cannot read IP mode file for STMicroelectronics.X-CUBE-BLE1.7.0.0
2024-03-15 23:34:11,096 [WARN] PackLoader:240 - Cannot read IP mode file for emotas.I-CUBE-CANOPEN.1.3.0
2024-03-15 23:34:11,108 [WARN] PackLoader:240 - Cannot read IP mode file for STMicroelectronics.X-CUBE-TOUCHGFX.4.22.0
2024-03-15 23:34:11,119 [WARN] PackLoader:240 - Cannot read IP mode file for STMicroelectronics.X-CUBE-TOUCHGFX.4.22.1
2024-03-15 23:34:11,138 [WARN] PackLoader:240 - Cannot read IP mode file for STMicroelectronics.X-CUBE-BLEMGR.3.1.0
2024-03-15 23:34:11,155 [WARN] PackLoader:240 - Cannot read IP mode file for STMicroelectronics.FP-SNS-SMARTAG2.1.2.0
2024-03-15 23:34:11,172 [INFO] LogOutputStream:77 - [STDOUT_REDIRECT] 1 : Invalid condition id : UX_CORESTACK_Condition cause : null
2024-03-15 23:34:11,172 [INFO] LogOutputStream:77 - [STDOUT_REDIRECT] 1 : Invalid condition id : UX_CORESTACK_Condition cause : null
2024-03-15 23:34:11,173 [INFO] LogOutputStream:77 - [STDOUT_REDIRECT] 1 : Invalid condition id : UX_CORESTACK_Condition cause : null
2024-03-15 23:34:11,174 [INFO] LogOutputStream:77 - [STDOUT_REDIRECT] 1 : Invalid condition id : UX_CORESTACK_Condition cause : null
2024-03-15 23:34:11,174 [INFO] LogOutputStream:77 - [STDOUT_REDIRECT] 1 : Invalid condition id : UX_CORESTACK_Condition cause : null
2024-03-15 23:34:11,177 [WARN] PackLoader:240 - Cannot read IP mode file for STMicroelectronics.X-CUBE-AZRTOS-WL.2.0.0
2024-03-15 23:34:11,192 [WARN] PackLoader:240 - Cannot read IP mode file for WES.I-CUBE-Cesium.1.3.0
2024-03-15 23:34:11,205 [WARN] PackLoader:240 - Cannot read IP mode file for STMicroelectronics.X-CUBE-BLE2.3.3.0
2024-03-15 23:34:11,220 [WARN] PackLoader:240 - Cannot read IP mode file for STMicroelectronics.X-CUBE-ALGOBUILD.1.3.0
2024-03-15 23:34:11,250 [WARN] PackLoader:240 - Cannot read IP mode file for STMicroelectronics.X-CUBE-AZRTOS-G0.1.1.0
2024-03-15 23:34:11,264 [WARN] PackLoader:240 - Cannot read IP mode file for STMicroelectronics.X-CUBE-NFC4.3.0.0
2024-03-15 23:34:11,281 [WARN] PackLoader:240 - Cannot read IP mode file for STMicroelectronics.X-CUBE-BLEMGR.3.0.0
2024-03-15 23:34:11,295 [WARN] PackLoader:240 - Cannot read IP mode file for STMicroelectronics.FP-ATR-SIGFOX1.3.2.0
2024-03-15 23:34:11,309 [WARN] PackLoader:240 - Cannot read IP mode file for STMicroelectronics.X-CUBE-EEPRMA1.5.1.0
2024-03-15 23:34:11,361 [WARN] PackLoader:240 - Cannot read IP mode file for SEGGER.I-CUBE-embOS.1.3.1
2024-03-15 23:34:11,407 [WARN] PackLoader:240 - Cannot read IP mode file for STMicroelectronics.X-CUBE-GNSS1.6.0.0
2024-03-15 23:34:11,432 [WARN] PackLoader:240 - Cannot read IP mode file for STMicroelectronics.X-CUBE-AZRTOS-F4.1.1.0
2024-03-15 23:34:11,444 [WARN] PackLoader:240 - Cannot read IP mode file for wolfSSL.I-CUBE-wolfSSL.5.6.3
2024-03-15 23:34:11,468 [WARN] PackLoader:240 - Cannot read IP mode file for STMicroelectronics.X-CUBE-AZRTOS-L5.2.0.0
2024-03-15 23:34:11,520 [WARN] PackLoader:240 - Cannot read IP mode file for STMicroelectronics.X-CUBE-MEMS1.9.6.0
2024-03-15 23:34:11,643 [WARN] PackLoader:240 - Cannot read IP mode file for STMicroelectronics.X-CUBE-EEPRMA1.4.2.0
2024-03-15 23:34:11,654 [WARN] PackLoader:240 - Cannot read IP mode file for ITTIA_DB.I-CUBE-ITTIADB.8.8.0
2024-03-15 23:34:11,666 [WARN] PackLoader:240 - Cannot read IP mode file for STMicroelectronics.X-CUBE-BLEMGR.2.0.0
2024-03-15 23:34:11,694 [WARN] ConditionMgr:438 - getConditionDescription Invalid condition id : UX DEVICE CLASS RTOS Condition cause : null
2024-03-15 23:34:11,694 [WARN] ConditionMgr:438 - getConditionDescription Invalid condition id : UX DEVICE CLASS RTOS Condition cause : null
2024-03-15 23:34:11,697 [WARN] PackLoader:240 - Cannot read IP mode file for STMicroelectronics.X-CUBE-AZRTOS-H7.3.1.0
2024-03-15 23:34:11,698 [WARN] ConditionMgr:1039 - genDependencies : Invalid condition id : UX DEVICE CLASS RTOS Condition cause : null
2024-03-15 23:34:11,698 [WARN] ConditionMgr:1039 - genDependencies : Invalid condition id : UX DEVICE CLASS RTOS Condition cause : null
2024-03-15 23:34:11,699 [WARN] ConditionMgr:1039 - genDependencies : Invalid condition id : UX DEVICE CLASS RTOS Condition cause : null
2024-03-15 23:34:11,699 [WARN] ConditionMgr:1039 - genDependencies : Invalid condition id : UX DEVICE CLASS RTOS Condition cause : null
2024-03-15 23:34:11,699 [WARN] ConditionMgr:1039 - genDependencies : Invalid condition id : UX DEVICE CLASS RTOS Condition cause : null
2024-03-15 23:34:11,711 [WARN] PackLoader:240 - Cannot read IP mode file for STMicroelectronics.X-CUBE-NFC7.1.0.1
2024-03-15 23:34:11,726 [WARN] PackLoader:240 - Cannot read IP mode file for STMicroelectronics.X-CUBE-NFC6.3.0.0
2024-03-15 23:34:11,738 [WARN] PackLoader:240 - Cannot read IP mode file for STMicroelectronics.X-CUBE-EEPRMA1.4.1.0
2024-03-15 23:34:11,749 [WARN] PackLoader:240 - Cannot read IP mode file for STMicroelectronics.X-CUBE-AI.8.1.0
2024-03-15 23:34:11,774 [WARN] ConditionMgr:438 - getConditionDescription Invalid condition id : LAN8742 Phy interface Condition cause : null
2024-03-15 23:34:11,775 [WARN] PackLoader:240 - Cannot read IP mode file for STMicroelectronics.X-CUBE-AZRTOS-L4.2.0.0
2024-03-15 23:34:11,776 [WARN] ConditionMgr:1039 - genDependencies : Invalid condition id : LAN8742 Phy interface Condition cause : null
2024-03-15 23:34:11,777 [WARN] ConditionMgr:1039 - genDependencies : Invalid condition id : LAN8742 Phy interface Condition cause : null
2024-03-15 23:34:11,777 [WARN] ConditionMgr:1039 - genDependencies : Invalid condition id : LAN8742 Phy interface Condition cause : null
2024-03-15 23:34:11,795 [WARN] PackLoader:240 - Cannot read IP mode file for STMicroelectronics.X-CUBE-SFXS2LP1.4.0.0
2024-03-15 23:34:11,808 [WARN] PackLoader:240 - Cannot read IP mode file for STMicroelectronics.X-CUBE-ISPU.1.1.0
2024-03-15 23:34:11,831 [WARN] ConditionMgr:438 - getConditionDescription Invalid condition id : UX DEVICE CLASS RTOS Condition cause : null
2024-03-15 23:34:11,832 [WARN] ConditionMgr:438 - getConditionDescription Invalid condition id : UX DEVICE CLASS RTOS Condition cause : null
2024-03-15 23:34:11,833 [WARN] PackLoader:240 - Cannot read IP mode file for STMicroelectronics.X-CUBE-AZRTOS-WB.2.0.0
2024-03-15 23:34:11,834 [WARN] ConditionMgr:1039 - genDependencies : Invalid condition id : UX DEVICE CLASS RTOS Condition cause : null
2024-03-15 23:34:11,834 [WARN] ConditionMgr:1039 - genDependencies : Invalid condition id : UX DEVICE CLASS RTOS Condition cause : null
2024-03-15 23:34:11,835 [WARN] ConditionMgr:1039 - genDependencies : Invalid condition id : UX DEVICE CLASS RTOS Condition cause : null
2024-03-15 23:34:11,835 [WARN] ConditionMgr:1039 - genDependencies : Invalid condition id : UX DEVICE CLASS RTOS Condition cause : null
2024-03-15 23:34:11,836 [WARN] ConditionMgr:1039 - genDependencies : Invalid condition id : UX DEVICE CLASS RTOS Condition cause : null
2024-03-15 23:34:11,851 [WARN] PackLoader:240 - Cannot read IP mode file for STMicroelectronics.X-CUBE-FREERTOS.1.0.1
2024-03-15 23:34:11,875 [WARN] PackLoader:240 - Cannot read IP mode file for STMicroelectronics.X-CUBE-AZRTOS-L5.1.1.0
2024-03-15 23:34:11,887 [WARN] PackLoader:240 - Cannot read IP mode file for STMicroelectronics.X-CUBE-AI.8.0.1
2024-03-15 23:34:11,905 [WARN] PackLoader:240 - Cannot read IP mode file for STMicroelectronics.X-CUBE-SUBG2.5.0.0
2024-03-15 23:34:11,925 [WARN] PackLoader:240 - Cannot read IP mode file for STMicroelectronics.X-CUBE-TOF1.3.3.1
2024-03-15 23:34:11,956 [WARN] PackLoader:240 - Cannot read IP mode file for STMicroelectronics.X-CUBE-AZRTOS-G4.2.0.0
2024-03-15 23:34:11,975 [WARN] PackLoader:240 - Cannot read IP mode file for Infineon.AIROC-Wi-Fi-Bluetooth-STM32.1.5.1
2024-03-15 23:34:11,988 [WARN] PackLoader:240 - Cannot read IP mode file for STMicroelectronics.FP-SNS-MOTENVWB1.1.3.1
2024-03-15 23:34:11,997 [WARN] PackLoader:240 - Cannot read IP mode file for STMicroelectronics.X-CUBE-ISPU.2.0.0
2024-03-15 23:34:12,036 [WARN] PackLoader:240 - Cannot read IP mode file for STMicroelectronics.X-CUBE-MEMS1.10.0.0
2024-03-15 23:34:12,120 [WARN] PackLoader:240 - Cannot read IP mode file for STMicroelectronics.X-CUBE-FREERTOS.1.1.0
2024-03-15 23:34:12,130 [WARN] PackLoader:240 - Cannot read IP mode file for portGmbH.I-Cube-SoM-uGOAL.1.1.0
2024-03-15 23:34:12,141 [WARN] PackLoader:240 - Cannot read IP mode file for STMicroelectronics.X-CUBE-ALS.1.0.1
2024-03-15 23:34:12,163 [WARN] PackLoader:240 - Cannot read IP mode file for STMicroelectronics.X-CUBE-AZRTOS-WB.1.1.0
2024-03-15 23:34:12,176 [WARN] PackLoader:240 - Cannot read IP mode file for STMicroelectronics.FP-ATR-ASTRA1.2.0.0
2024-03-15 23:34:12,193 [WARN] PackLoader:240 - Cannot read IP mode file for STMicroelectronics.X-CUBE-TOF1.3.4.0
2024-03-15 23:34:12,214 [WARN] PackLoader:240 - Cannot read IP mode file for STMicroelectronics.X-CUBE-TOF1.3.4.1
2024-03-15 23:34:12,243 [WARN] PackLoader:240 - Cannot read IP mode file for STMicroelectronics.X-CUBE-AZRTOS-H7.3.2.0
2024-03-15 23:34:12,245 [INFO] ThirdParty:978 - Integrity check success = true
2024-03-15 23:34:12,246 [INFO] IntegrityCheckThread:100 - exiting critical section [integrity check]
2024-03-15 23:34:12,246 [INFO] IntegrityCheckThread:103 - End integrity checks thread
2024-03-15 23:34:28,364 [ERROR] LogOutputStream:75 - [STDERR_REDIRECT] SLF4J: Failed to load class "org.slf4j.impl.StaticLoggerBinder".
2024-03-15 23:34:28,364 [ERROR] LogOutputStream:75 - [STDERR_REDIRECT] SLF4J: Defaulting to no-operation (NOP) logger implementation
2024-03-15 23:34:28,365 [ERROR] LogOutputStream:75 - [STDERR_REDIRECT] SLF4J: See http://www.slf4j.org/codes.html#StaticLoggerBinder for further details.
2024-03-15 23:35:04,508 [INFO] LogOutputStream:77 - [STDOUT_REDIRECT] Unexpected error loading extension: org.eclipse.equinox.p2.metadata.repository.XZedRepository
2024-03-15 23:35:04,510 [ERROR] LogOutputStream:75 - [STDERR_REDIRECT] java.lang.IllegalStateException: Attempt to access stopped agent: org.eclipse.equinox.internal.p2.core.ProvisioningAgent@2331294f
2024-03-15 23:35:04,512 [ERROR] LogOutputStream:75 - [STDERR_REDIRECT] 	at org.eclipse.equinox.internal.p2.core.ProvisioningAgent.checkRunning(ProvisioningAgent.java:86)
2024-03-15 23:35:04,514 [ERROR] LogOutputStream:75 - [STDERR_REDIRECT] 	at org.eclipse.equinox.internal.p2.core.ProvisioningAgent.getService(ProvisioningAgent.java:50)
2024-03-15 23:35:04,516 [ERROR] LogOutputStream:75 - [STDERR_REDIRECT] 	at org.eclipse.equinox.p2.core.IProvisioningAgent.getService(IProvisioningAgent.java:86)
2024-03-15 23:35:04,518 [ERROR] LogOutputStream:75 - [STDERR_REDIRECT] 	at org.eclipse.equinox.internal.p2.transport.ecf.RepositoryTransport.download(RepositoryTransport.java:91)
2024-03-15 23:35:04,520 [ERROR] LogOutputStream:75 - [STDERR_REDIRECT] 	at org.eclipse.equinox.internal.p2.repository.CacheManager.updateCache(CacheManager.java:436)
2024-03-15 23:35:04,523 [ERROR] LogOutputStream:75 - [STDERR_REDIRECT] 	at org.eclipse.equinox.internal.p2.repository.CacheManager.createCacheFromFile(CacheManager.java:141)
2024-03-15 23:35:04,525 [ERROR] LogOutputStream:75 - [STDERR_REDIRECT] 	at org.eclipse.equinox.internal.p2.metadata.repository.XZedSimpleMetadataRepositoryFactory.getLocalFile(XZedSimpleMetadataRepositoryFactory.java:60)
2024-03-15 23:35:04,526 [ERROR] LogOutputStream:75 - [STDERR_REDIRECT] 	at org.eclipse.equinox.internal.p2.metadata.repository.XZedSimpleMetadataRepositoryFactory.load(XZedSimpleMetadataRepositoryFactory.java:80)
2024-03-15 23:35:04,528 [ERROR] LogOutputStream:75 - [STDERR_REDIRECT] 	at org.eclipse.equinox.internal.p2.metadata.repository.MetadataRepositoryManager.factoryLoad(MetadataRepositoryManager.java:63)
2024-03-15 23:35:04,529 [ERROR] LogOutputStream:75 - [STDERR_REDIRECT] 	at org.eclipse.equinox.internal.p2.repository.helpers.AbstractRepositoryManager.loadRepository(AbstractRepositoryManager.java:787)
2024-03-15 23:35:04,532 [ERROR] LogOutputStream:75 - [STDERR_REDIRECT] 	at org.eclipse.equinox.internal.p2.repository.helpers.AbstractRepositoryManager.loadRepository(AbstractRepositoryManager.java:685)
2024-03-15 23:35:04,535 [ERROR] LogOutputStream:75 - [STDERR_REDIRECT] 	at org.eclipse.equinox.internal.p2.metadata.repository.MetadataRepositoryManager.loadRepository(MetadataRepositoryManager.java:110)
2024-03-15 23:35:04,536 [ERROR] LogOutputStream:75 - [STDERR_REDIRECT] 	at org.eclipse.equinox.internal.p2.metadata.repository.MetadataRepositoryManager.loadRepository(MetadataRepositoryManager.java:105)
2024-03-15 23:35:04,538 [ERROR] LogOutputStream:75 - [STDERR_REDIRECT] 	at org.eclipse.equinox.internal.p2.metadata.repository.CompositeMetadataRepository.addChild(CompositeMetadataRepository.java:171)
2024-03-15 23:35:04,540 [ERROR] LogOutputStream:75 - [STDERR_REDIRECT] 	at org.eclipse.equinox.internal.p2.metadata.repository.CompositeMetadataRepository.<init>(CompositeMetadataRepository.java:113)
2024-03-15 23:35:04,542 [ERROR] LogOutputStream:75 - [STDERR_REDIRECT] 	at org.eclipse.equinox.internal.p2.metadata.repository.CompositeMetadataRepositoryFactory.load(CompositeMetadataRepositoryFactory.java:124)
2024-03-15 23:35:04,545 [ERROR] LogOutputStream:75 - [STDERR_REDIRECT] 	at org.eclipse.equinox.internal.p2.metadata.repository.MetadataRepositoryManager.factoryLoad(MetadataRepositoryManager.java:63)
